[2025-03-03 11:32:45] Bloqueo: Más de una persona detectada en el pasillo.
[2025-03-03 16:40:38] Pasillo desbloqueado.
[2025-03-03 16:42:45] Pasillo desbloqueado.
[2025-03-03 16:42:59] Pasillo desbloqueado.
[2025-03-04 12:36:27] Pasillo desbloqueado. No hay ocupantes.
[2025-03-04 12:36:54] Pasillo desbloqueado. No hay ocupantes.
[2025-03-04 12:37:06] Pasillo desbloqueado. No hay ocupantes.
[2025-03-04 12:37:09] Pasillo desbloqueado. No hay ocupantes.
[2025-03-04 12:37:12] Bloqueo: Más de una persona en el pasillo.
[2025-03-04 12:37:13] Pasillo desbloqueado. No hay ocupantes.
[2025-03-04 12:37:17] Pasillo desbloqueado. No hay ocupantes.
[2025-03-04 12:37:52] Bloqueo: Más de una persona en el pasillo.
[2025-03-04 12:38:15] Bloqueo: Más de una persona en el pasillo.
[2025-03-04 12:38:16] Pasillo desbloqueado. No hay ocupantes.
[2025-03-04 12:38:46] Bloqueo: Más de una persona en el pasillo.
[2025-03-04 12:38:49] Bloqueo: Más de una persona en el pasillo.
[2025-03-04 12:39:00] Pasillo desbloqueado. No hay ocupantes.
[2025-03-04 12:39:09] Pasillo desbloqueado. No hay ocupantes.
[2025-03-04 12:39:16] Pasillo desbloqueado. No hay ocupantes.
[2025-03-04 12:39:32] Pasillo desbloqueado. No hay ocupantes.
[2025-03-04 12:39:39] Pasillo desbloqueado. No hay ocupantes.
[2025-03-04 12:39:43] Pasillo desbloqueado. No hay ocupantes.
[2025-03-04 12:40:04] Pasillo desbloqueado. No hay ocupantes.
[2025-03-04 12:40:12] Pasillo desbloqueado. No hay ocupantes.
[2025-03-04 12:40:41] Bloqueo: Más de una persona en el pasillo.
[2025-03-04 12:41:14] Bloqueo: Más de una persona en el pasillo.
[2025-03-04 12:41:31] Bloqueo: Más de una persona en el pasillo.
[2025-03-04 12:41:39] Bloqueo: Más de una persona en el pasillo.
[2025-03-04 12:41:46] Pasillo desbloqueado. No hay ocupantes.
[2025-03-04 12:41:49] Bloqueo: Más de una persona en el pasillo.
[2025-03-04 12:41:52] Pasillo desbloqueado. No hay ocupantes.
[2025-03-04 12:42:02] Pasillo desbloqueado. No hay ocupantes.
[2025-03-04 12:47:07] Bloqueo: Más de una persona en el pasillo.
[2025-03-04 12:47:07] Bloqueo: Más de una persona en el pasillo.
[2025-03-04 12:47:07] Bloqueo: Más de una persona en el pasillo.
[2025-03-04 12:47:08] Bloqueo: Más de una persona en el pasillo.
[2025-03-04 12:47:08] Pasillo desbloqueado. No hay ocupantes.
[2025-03-04 12:47:08] Bloqueo: Más de una persona en el pasillo.
[2025-03-04 12:47:08] Pasillo desbloqueado. No hay ocupantes.
[2025-03-04 12:47:08] Pasillo desbloqueado. No hay ocupantes.
[2025-03-04 12:47:08] Pasillo desbloqueado. No hay ocupantes.
[2025-03-04 12:47:08] Pasillo desbloqueado. No hay ocupantes.
[2025-03-04 12:47:08] Pasillo desbloqueado. No hay ocupantes.
[2025-03-04 12:47:08] Pasillo desbloqueado. No hay ocupantes.
[2025-03-04 12:47:08] Pasillo desbloqueado. No hay ocupantes.
[2025-03-04 12:47:09] Pasillo desbloqueado. No hay ocupantes.
[2025-03-04 12:47:09] Bloqueo: Más de una persona en el pasillo.
[2025-03-04 12:47:09] Pasillo desbloqueado. No hay ocupantes.
[2025-03-04 12:47:09] Pasillo desbloqueado. No hay ocupantes.
[2025-03-04 12:47:09] Pasillo desbloqueado. No hay ocupantes.
[2025-03-04 12:47:09] Pasillo desbloqueado. No hay ocupantes.
[2025-03-04 12:47:09] Pasillo desbloqueado. No hay ocupantes.
[2025-03-04 12:47:09] Pasillo desbloqueado. No hay ocupantes.
[2025-03-04 12:47:10] Pasillo desbloqueado. No hay ocupantes.
[2025-03-04 12:47:10] Pasillo desbloqueado. No hay ocupantes.
[2025-03-04 12:47:10] Pasillo desbloqueado. No hay ocupantes.
[2025-03-04 12:47:10] Pasillo desbloqueado. No hay ocupantes.
[2025-03-04 12:47:10] Bloqueo: Más de una persona en el pasillo.
[2025-03-04 12:47:10] Bloqueo: Más de una persona en el pasillo.
[2025-03-04 12:47:10] Pasillo desbloqueado. No hay ocupantes.
[2025-03-04 12:47:10] Pasillo desbloqueado. No hay ocupantes.
[2025-03-04 12:47:10] Pasillo desbloqueado. No hay ocupantes.
[2025-03-04 12:50:01] Pasillo desbloqueado. No hay ocupantes.
[2025-03-04 12:52:20] Pasillo desbloqueado. No hay ocupantes.
[2025-03-04 12:52:32] Pasillo desbloqueado. No hay ocupantes.
[2025-03-04 12:56:22] Pasillo desbloqueado. No hay ocupantes.
[2025-03-04 12:58:02] Pasillo desbloqueado. No hay ocupantes.
[2025-03-04 13:04:58] Pasillo desbloqueado. No hay ocupantes.
[2025-03-04 13:09:06] Pasillo desbloqueado. No hay ocupantes.
[2025-03-04 13:09:21] Pasillo desbloqueado. No hay ocupantes.
[2025-03-04 13:09:31] Pasillo desbloqueado. No hay ocupantes.
[2025-03-04 13:09:36] Pasillo desbloqueado. No hay ocupantes.
[2025-03-04 14:25:04] Pasillo desbloqueado. No hay ocupantes.
[2025-03-04 14:27:16] Pasillo desbloqueado. No hay ocupantes.
[2025-03-04 14:27:20] Pasillo desbloqueado. No hay ocupantes.
[2025-03-04 14:28:07] Pasillo desbloqueado. No hay ocupantes.
[2025-03-04 14:28:48] Cruce de línea detectado. Pasajero en sentido contrario.
[2025-03-04 14:29:11] Pasillo desbloqueado. No hay ocupantes.
[2025-03-04 14:29:11] Cruce de línea detectado. Pasajero en sentido contrario.
[2025-03-04 14:29:23] Cruce de línea detectado. Pasajero en sentido contrario.
[2025-03-04 14:30:27] Pasillo desbloqueado. No hay ocupantes.
[2025-03-04 14:33:15] Cruce de línea detectado. Pasajero en sentido contrario.
[2025-03-04 14:33:15] Pasillo desbloqueado. No hay ocupantes.
[2025-03-04 14:39:25] Pasillo desbloqueado. No hay ocupantes.
[2025-03-04 14:43:04] Cruce de línea detectado. Pasajero en sentido contrario.
[2025-03-04 14:43:04] Pasillo desbloqueado. No hay ocupantes.
[2025-03-04 14:43:05] Pasillo desbloqueado. No hay ocupantes.
[2025-03-04 14:43:40] Pasillo desbloqueado. No hay ocupantes.
[2025-03-04 14:44:54] Pasillo desbloqueado. No hay ocupantes.
[2025-03-04 14:44:55] Cruce de línea detectado. Pasajero en sentido contrario.
[2025-03-04 14:45:02] Pasillo desbloqueado. No hay ocupantes.
[2025-03-04 14:45:03] Cruce de línea detectado. Pasajero en sentido contrario.
[2025-03-04 14:45:33] Cruce de línea detectado. Pasajero en sentido contrario.
[2025-03-04 14:45:58] Pasillo desbloqueado. No hay ocupantes.
[2025-03-04 14:46:33] Cruce de línea detectado. Pasajero en sentido contrario.
[2025-03-04 14:47:38] Cruce de línea detectado. Pasajero en sentido contrario.
[2025-03-04 14:49:48] Pasillo desbloqueado. No hay ocupantes.
[2025-03-04 14:50:18] Pasillo desbloqueado. No hay ocupantes.
[2025-03-04 14:50:42] Pasillo desbloqueado. No hay ocupantes.
[2025-03-04 14:51:51] Cruce de línea detectado. Pasajero en sentido contrario.
[2025-03-04 14:51:52] Pasillo desbloqueado. No hay ocupantes.
[2025-03-04 14:52:00] Cruce de línea detectado. Pasajero en sentido contrario.
[2025-03-04 14:52:29] Cruce de línea detectado. Pasajero en sentido contrario.
[2025-03-04 14:55:14] Pasillo desbloqueado. No hay ocupantes.
[2025-03-04 14:55:31] Pasillo desbloqueado. No hay ocupantes.
[2025-03-04 14:56:07] Pasillo desbloqueado. No hay ocupantes.
[2025-03-04 14:56:22] Pasillo en uso normal. Una persona detectada.
[2025-03-04 14:56:31] Cruce de línea detectado. Pasajero en sentido contrario.
[2025-03-04 14:56:38] Cruce de línea detectado. Pasajero en sentido contrario.
[2025-03-04 14:57:20] Pasillo desbloqueado. No hay ocupantes.
[2025-03-04 15:00:48] Pasillo en uso normal. Una persona detectada.
[2025-03-04 15:00:51] Pasillo desbloqueado. No hay ocupantes.
[2025-03-04 15:00:52] Pasillo en uso normal. Una persona detectada.
[2025-03-04 15:01:05] Pasillo en uso normal. Una persona detectada.
[2025-03-04 15:01:08] Pasillo desbloqueado. No hay ocupantes.
[2025-03-04 15:01:14] Pasillo en uso normal. Una persona detectada.
[2025-03-04 15:01:15] Pasillo desbloqueado. No hay ocupantes.
[2025-03-04 15:01:19] Pasillo desbloqueado. No hay ocupantes.
[2025-03-04 15:03:47] Bloqueo: Pasajero en dirección contraria o múltiples personas detectadas.
[2025-03-04 15:03:55] Bloqueo: Pasajero en dirección contraria o múltiples personas detectadas.
[2025-03-04 15:09:02] Bloqueo: Pasajero en dirección contraria o múltiples personas detectadas.
[2025-03-04 15:12:59] Bloqueo: Pasajero en dirección contraria o múltiples personas detectadas.
[2025-03-04 15:13:01] Pasillo desbloqueado automáticamente.
[2025-03-04 15:13:16] Bloqueo: Pasajero en dirección contraria o múltiples personas detectadas.
[2025-03-04 15:13:18] Pasillo desbloqueado automáticamente.
[2025-03-04 15:13:54] Bloqueo: Pasajero en dirección contraria o múltiples personas detectadas.
[2025-03-04 15:13:56] Pasillo desbloqueado automáticamente.
[2025-03-04 15:14:03] Bloqueo: Pasajero en dirección contraria o múltiples personas detectadas.
[2025-03-04 15:14:05] Pasillo desbloqueado automáticamente.
[2025-03-04 15:14:26] Bloqueo: Pasajero en dirección contraria o múltiples personas detectadas.
[2025-03-04 15:14:28] Pasillo desbloqueado automáticamente.
[2025-03-04 15:15:54] Bloqueo: Pasajero en dirección contraria o múltiples personas detectadas.
[2025-03-04 15:15:56] Pasillo desbloqueado automáticamente.
[2025-03-04 15:16:06] Bloqueo: Pasajero en dirección contraria o múltiples personas detectadas.
[2025-03-04 15:16:08] Pasillo desbloqueado automáticamente.
[2025-03-04 15:16:55] Bloqueo: Pasajero en dirección contraria o múltiples personas detectadas.
[2025-03-04 15:16:57] Pasillo desbloqueado automáticamente.
[2025-03-04 15:17:22] Bloqueo: Pasajero en dirección contraria o múltiples personas detectadas.
[2025-03-04 15:17:24] Pasillo desbloqueado automáticamente.
[2025-03-04 15:18:20] Bloqueo: Pasajero en dirección contraria o múltiples personas detectadas.
[2025-03-04 15:18:22] Pasillo desbloqueado automáticamente.
[2025-03-04 15:19:53] Bloqueo: Pasajero en dirección contraria o múltiples personas detectadas.
[2025-03-04 15:19:55] Pasillo desbloqueado automáticamente.
[2025-03-04 15:35:23] Bloqueo: Pasajero en dirección contraria o múltiples personas detectadas.
[2025-03-04 15:35:25] Pasillo desbloqueado automáticamente.
[2025-03-04 15:35:32] Bloqueo: Pasajero en dirección contraria o múltiples personas detectadas.
[2025-03-04 15:35:34] Pasillo desbloqueado automáticamente.
[2025-03-04 15:36:00] Bloqueo: Pasajero en dirección contraria o múltiples personas detectadas.
[2025-03-04 15:36:02] Pasillo desbloqueado automáticamente.
[2025-03-04 15:36:13] Bloqueo: Pasajero en dirección contraria o múltiples personas detectadas.
[2025-03-04 15:36:15] Pasillo desbloqueado automáticamente.
[2025-03-04 15:40:34] Bloqueo: Pasajero en dirección contraria o múltiples personas detectadas.
[2025-03-04 15:40:36] Pasillo desbloqueado automáticamente.
[2025-03-04 15:45:53] Bloqueo: Pasajero en dirección contraria o múltiples personas detectadas.
[2025-03-04 15:45:55] Pasillo desbloqueado automáticamente.
[2025-03-04 16:04:34] Bloqueo: Múltiples personas detectadas o cruce de línea.
[2025-03-04 16:04:36] Pasillo desbloqueado automáticamente.
[2025-03-04 16:04:48] Bloqueo: Múltiples personas detectadas o cruce de línea.
[2025-03-04 16:04:50] Pasillo desbloqueado automáticamente.
[2025-03-04 16:06:32] Bloqueo: Múltiples personas detectadas o cruce de línea.
[2025-03-04 16:06:34] Pasillo desbloqueado automáticamente.
[2025-03-04 16:08:22] Bloqueo: Múltiples personas detectadas o cruce de línea.
[2025-03-04 16:08:24] Pasillo desbloqueado automáticamente.
[2025-03-04 16:08:43] Bloqueo: Múltiples personas detectadas o cruce de línea.
[2025-03-04 16:08:45] Pasillo desbloqueado automáticamente.
[2025-03-04 16:08:50] Bloqueo: Múltiples personas detectadas o cruce de línea.
[2025-03-04 16:08:52] Pasillo desbloqueado automáticamente.
[2025-03-04 16:08:52] Bloqueo: Múltiples personas detectadas o cruce de línea.
[2025-03-04 16:08:54] Pasillo desbloqueado automáticamente.
[2025-03-04 16:09:06] Bloqueo: Múltiples personas detectadas o cruce de línea.
[2025-03-04 16:09:08] Pasillo desbloqueado automáticamente.
[2025-03-04 16:11:25] Bloqueo: Múltiples personas detectadas o cruce de línea.
[2025-03-04 16:11:27] Pasillo desbloqueado automáticamente.
[2025-03-04 16:12:12] Bloqueo: Más de una persona detectada en el pasillo.
[2025-03-04 16:12:14] Pasillo desbloqueado automáticamente.
[2025-03-04 16:12:38] Bloqueo: Más de una persona detectada en el pasillo.
[2025-03-04 16:12:40] Pasillo desbloqueado automáticamente.
[2025-03-04 16:12:42] Bloqueo: Más de una persona detectada en el pasillo.
[2025-03-04 16:12:44] Pasillo desbloqueado automáticamente.
[2025-03-04 16:12:45] Bloqueo: Más de una persona detectada en el pasillo.
[2025-03-04 16:12:47] Pasillo desbloqueado automáticamente.
[2025-03-04 16:12:47] Bloqueo: Más de una persona detectada en el pasillo.
[2025-03-04 16:12:49] Pasillo desbloqueado automáticamente.
[2025-03-04 16:14:04] Bloqueo: Más de una persona detectada en el pasillo.
[2025-03-04 16:14:06] Pasillo desbloqueado automáticamente.
[2025-03-04 16:14:06] Bloqueo: Más de una persona detectada en el pasillo.
[2025-03-04 16:14:08] Pasillo desbloqueado automáticamente.
[2025-03-04 16:16:37] Bloqueo: Más de una persona detectada en el pasillo.
[2025-03-04 16:16:39] Pasillo desbloqueado automáticamente.
[2025-03-04 16:20:55] Bloqueo: Más de una persona detectada en el pasillo.
[2025-03-04 16:20:57] Pasillo desbloqueado automáticamente.
[2025-03-04 16:21:12] Bloqueo: Más de una persona detectada en el pasillo.
[2025-03-04 16:21:14] Pasillo desbloqueado automáticamente.
[2025-03-04 16:22:02] Bloqueo: Más de una persona detectada en el pasillo.
[2025-03-04 16:22:04] Pasillo desbloqueado automáticamente.
[2025-03-04 16:22:05] Bloqueo: Pasajero detectado en dirección contraria.
[2025-03-04 16:22:07] Pasillo desbloqueado automáticamente.
[2025-03-04 16:22:14] Bloqueo: Pasajero detectado en dirección contraria.
[2025-03-04 16:22:16] Pasillo desbloqueado automáticamente.
[2025-03-04 16:22:29] Bloqueo: Pasajero detectado en dirección contraria.
[2025-03-04 16:22:31] Pasillo desbloqueado automáticamente.
[2025-03-04 16:22:38] Bloqueo: Pasajero detectado en dirección contraria.
[2025-03-04 16:22:40] Pasillo desbloqueado automáticamente.
[2025-03-04 16:22:59] Bloqueo: Más de una persona detectada en el pasillo.
[2025-03-04 16:23:01] Pasillo desbloqueado automáticamente.
[2025-03-04 16:28:24] Bloqueo: Más de una persona detectada en el pasillo.
[2025-03-04 16:28:26] Pasillo desbloqueado automáticamente.
